<?xml version="1.0" encoding="UTF-8"?>
<!-- Generated by org.testng.reporters.JUnitReportReporter -->
<testsuite skipped="0" hostname="Abhi" name="Advanced_selenium.wokkin_with_testNG" tests="2" failures="0" timestamp="06 Jun 2022 11:31:32 GMT" time="0.013" errors="0">
  <testcase name="Sample" time="0.011" classname="Advanced_selenium.wokkin_with_testNG"/>
  <testcase name="demo" time="0.002" classname="Advanced_selenium.wokkin_with_testNG"/>
</testsuite> <!-- Advanced_selenium.wokkin_with_testNG -->
