<?xml version="1.0" encoding="UTF-8"?>
<!-- Generated by org.testng.reporters.JUnitReportReporter -->
<testsuite skipped="0" hostname="Abhi" name="Advanced_selenium.RegisterTC" tests="3" failures="0" timestamp="14 Jun 2022 09:47:58 GMT" time="18.349" errors="0">
  <testcase name="TC_02" time="9.039" classname="Advanced_selenium.RegisterTC"/>
  <testcase name="TC_02" time="5.392" classname="Advanced_selenium.RegisterTC"/>
  <testcase name="TC_02" time="3.918" classname="Advanced_selenium.RegisterTC"/>
</testsuite> <!-- Advanced_selenium.RegisterTC -->
