<?xml version="1.0" encoding="UTF-8"?>
<!-- Generated by org.testng.reporters.JUnitReportReporter -->
<testsuite skipped="0" hostname="Abhi" name="Adavance_selenium_assignment.TestCase" tests="6" failures="0" timestamp="09 Jun 2022 10:09:41 GMT" time="0.014" errors="0">
  <testcase name="Testcases" time="0.001" classname="Adavance_selenium_assignment.TestCase"/>
  <testcase name="Testcases" time="0.001" classname="Adavance_selenium_assignment.TestCase"/>
  <testcase name="Testcases" time="0.008" classname="Adavance_selenium_assignment.TestCase"/>
  <testcase name="Testcases" time="0.001" classname="Adavance_selenium_assignment.TestCase"/>
  <testcase name="Testcases" time="0.002" classname="Adavance_selenium_assignment.TestCase"/>
  <testcase name="Testcases" time="0.001" classname="Adavance_selenium_assignment.TestCase"/>
</testsuite> <!-- Adavance_selenium_assignment.TestCase -->
