<?xml version="1.0" encoding="UTF-8"?>
<!-- Generated by org.testng.reporters.JUnitReportReporter -->
<testsuite skipped="1" hostname="Abhi" name="Advanced_selenium.loginTC" tests="1" failures="0" timestamp="14 Jun 2022 09:02:28 GMT" time="0.000" errors="0">
  <testcase name="TC_01" time="0.000" classname="Advanced_selenium.loginTC">
    <skipped/>
  </testcase> <!-- TC_01 -->
</testsuite> <!-- Advanced_selenium.loginTC -->
