<?xml version="1.0" encoding="UTF-8"?>
<!-- Generated by org.testng.reporters.JUnitReportReporter -->
<testsuite skipped="0" hostname="Abhi" name="Advanced_selenium.working_with_login_testNG" tests="2" failures="0" timestamp="06 Jun 2022 11:34:46 GMT" time="15.542" errors="0">
  <testcase name="Sample" time="0.011" classname="Advanced_selenium.working_with_login_testNG"/>
  <testcase name="demo" time="15.531" classname="Advanced_selenium.working_with_login_testNG"/>
</testsuite> <!-- Advanced_selenium.working_with_login_testNG -->
