<?xml version="1.0" encoding="UTF-8"?>
<!-- Generated by org.testng.reporters.JUnitReportReporter -->
<testsuite skipped="0" hostname="Abhi" name="Advanced_selenium.workongwithTestannotatiom" tests="4" failures="0" timestamp="10 Jun 2022 09:14:51 GMT" time="0.015" errors="0">
  <testcase name="film" time="0.002" classname="Advanced_selenium.workongwithTestannotatiom"/>
  <testcase name="sports" time="0.001" classname="Advanced_selenium.workongwithTestannotatiom"/>
  <testcase name="food" time="0.002" classname="Advanced_selenium.workongwithTestannotatiom"/>
  <testcase name="anime" time="0.010" classname="Advanced_selenium.workongwithTestannotatiom"/>
</testsuite> <!-- Advanced_selenium.workongwithTestannotatiom -->
