<?xml version="1.0" encoding="UTF-8"?>
<!-- Generated by org.testng.reporters.JUnitReportReporter -->
<testsuite skipped="0" hostname="Abhi" name="Advanced_selenium.working_with_configuration_annotations" tests="1" failures="0" timestamp="09 Jun 2022 10:29:34 GMT" time="0.006" errors="0">
  <testcase name="test" time="0.006" classname="Advanced_selenium.working_with_configuration_annotations"/>
</testsuite> <!-- Advanced_selenium.working_with_configuration_annotations -->
