<?xml version="1.0" encoding="UTF-8"?>
<!-- Generated by org.testng.reporters.JUnitReportReporter -->
<testsuite skipped="0" hostname="Abhi" name="Advanced_selenium.chrometest" tests="1" failures="0" timestamp="11 Jun 2022 03:58:20 GMT" time="2.251" errors="0">
  <testcase name="launch" time="2.251" classname="Advanced_selenium.chrometest"/>
</testsuite> <!-- Advanced_selenium.chrometest -->
